Removed Pin From Net: NetName=D12/MISO Pin=H1-1
Removed Pin From Net: NetName=VCC2 Pin=H1-2
Removed Pin From Net: NetName=D13/SCK Pin=H1-3
Removed Pin From Net: NetName=D11/MOSI Pin=H1-4
Removed Pin From Net: NetName=RESET Pin=H1-5
Removed Pin From Net: NetName=GND Pin=H1-6
Removed Member From Class: ClassName=SCH_Arduino_Nano Member=H1
Change Component Designator: OldDesignator=BT1 NewDesignator=BT2
Change Component Designator: OldDesignator=BT2 NewDesignator=BT1
Change Component Designator: OldDesignator=C1 NewDesignator=C7
Change Component Designator: OldDesignator=C2 NewDesignator=C8
Change Component Designator: OldDesignator=C3 NewDesignator=C4
Change Component Designator: OldDesignator=C4 NewDesignator=C5
Change Component Designator: OldDesignator=C5 NewDesignator=C6
Change Component Designator: OldDesignator=C6 NewDesignator=C2
Change Component Designator: OldDesignator=C7 NewDesignator=C3
Change Component Designator: OldDesignator=C8 NewDesignator=C1
Change Component Designator: OldDesignator=L1 NewDesignator=L4
Change Component Designator: OldDesignator=L2 NewDesignator=L1
Change Component Designator: OldDesignator=L3 NewDesignator=L2
Change Component Designator: OldDesignator=L4 NewDesignator=L3
Change Component Designator: OldDesignator=P1 NewDesignator=P2
Change Component Designator: OldDesignator=P2 NewDesignator=P3
Change Component Designator: OldDesignator=R2 NewDesignator=R3
Change Component Designator: OldDesignator=R3 NewDesignator=R7
Change Component Designator: OldDesignator=R4 NewDesignator=R2
Change Component Designator: OldDesignator=R5 NewDesignator=R4
Change Component Designator: OldDesignator=R6 NewDesignator=R5
Change Component Designator: OldDesignator=R7 NewDesignator=R6
Added Component: Designator=P1(HDR2X3)
Add component (AddParameter): Name = "LatestRevisionDate"; Value = "17-Jul-2002"; VariantName = "[No Variations]"
Add component (AddParameter): Name = "LatestRevisionNote"; Value = "Re-released for DXP Platform."; VariantName = "[No Variations]"
Add component (AddParameter): Name = "Publisher"; Value = "Altium Limited"; VariantName = "[No Variations]"
Added Pin To Net: NetName=D12/MISO Pin=P1-1
Added Pin To Net: NetName=VCC2 Pin=P1-2
Added Pin To Net: NetName=D13/SCK Pin=P1-3
Added Pin To Net: NetName=D11/MOSI Pin=P1-4
Added Pin To Net: NetName=RESET Pin=P1-5
Added Pin To Net: NetName=GND Pin=P1-6
Change Net Name : Old Net Name=NetL1_1 New Net Name=NetL4_1
Change Net Name : Old Net Name=NetL2_1 New Net Name=NetL1_1
Change Net Name : Old Net Name=NetL3_2 New Net Name=NetL2_2
Change Net Name : Old Net Name=NetL4_2 New Net Name=NetL3_2
Change Net Name : Old Net Name=NetR6_2 New Net Name=NetR5_2
Change Net Name : Old Net Name=NetR7_2 New Net Name=NetR6_2
Added Member To Class: ClassName=SCH_Arduino_Nano Member=Component P3 Header 15
Added Room: Name=SCH_Arduino_Nano
