Removed Pin From Net: NetName=D1/TX Pin=JP1-1
Removed Pin From Net: NetName=D0/RX Pin=JP1-2
Removed Pin From Net: NetName=RESET Pin=JP1-3
Removed Pin From Net: NetName=GND Pin=JP1-4
Removed Pin From Net: NetName=D2 Pin=JP1-5
Removed Pin From Net: NetName=D3 Pin=JP1-6
Removed Pin From Net: NetName=D4 Pin=JP1-7
Removed Pin From Net: NetName=D5 Pin=JP1-8
Removed Pin From Net: NetName=D6 Pin=JP1-9
Removed Pin From Net: NetName=D7 Pin=JP1-10
Removed Pin From Net: NetName=A5 Pin=JP2-1
Removed Pin From Net: NetName=A4 Pin=JP2-2
Removed Pin From Net: NetName=A3 Pin=JP2-3
Removed Pin From Net: NetName=A2 Pin=JP2-4
Removed Pin From Net: NetName=A1 Pin=JP2-5
Removed Pin From Net: NetName=A0 Pin=JP2-6
Removed Pin From Net: NetName=VCC2 Pin=JP2-7
Removed Pin From Net: NetName=RESET Pin=JP2-8
Removed Pin From Net: NetName=GND Pin=JP2-9
Removed Pin From Net: NetName=VIN Pin=JP2-10
Removed Pin From Net: NetName=D8 Pin=JP3-1
Removed Pin From Net: NetName=D9 Pin=JP3-2
Removed Pin From Net: NetName=D10 Pin=JP3-3
Removed Pin From Net: NetName=D11/MOSI Pin=JP3-4
Removed Pin From Net: NetName=D12/MISO Pin=JP3-5
Removed Pin From Net: NetName=D13/SCK Pin=JP4-1
Removed Pin From Net: NetName=3V3 Pin=JP4-2
Removed Pin From Net: NetName=AREF Pin=JP4-3
Removed Pin From Net: NetName=A7 Pin=JP4-4
Removed Pin From Net: NetName=A6 Pin=JP4-5
Removed Member From Class: ClassName=SCH_Arduino_Nano Member=JP1
Removed Member From Class: ClassName=SCH_Arduino_Nano Member=JP2
Removed Member From Class: ClassName=SCH_Arduino_Nano Member=JP3
Removed Member From Class: ClassName=SCH_Arduino_Nano Member=JP4
Added Component: Designator=P1(HDR1X15)
Add component (AddParameter): Name = "LatestRevisionDate"; Value = "17-Jul-2002"; VariantName = "[No Variations]"
Add component (AddParameter): Name = "LatestRevisionNote"; Value = "Re-released for DXP Platform."; VariantName = "[No Variations]"
Add component (AddParameter): Name = "Publisher"; Value = "Altium Limited"; VariantName = "[No Variations]"
Added Component: Designator=P2(HDR1X15)
Add component (AddParameter): Name = "LatestRevisionDate"; Value = "17-Jul-2002"; VariantName = "[No Variations]"
Add component (AddParameter): Name = "LatestRevisionNote"; Value = "Re-released for DXP Platform."; VariantName = "[No Variations]"
Add component (AddParameter): Name = "Publisher"; Value = "Altium Limited"; VariantName = "[No Variations]"
Added Pin To Net: NetName=D1/TX Pin=P1-1
Added Pin To Net: NetName=D0/RX Pin=P1-2
Added Pin To Net: NetName=RESET Pin=P1-3
Added Pin To Net: NetName=GND Pin=P1-4
Added Pin To Net: NetName=D2 Pin=P1-5
Added Pin To Net: NetName=D3 Pin=P1-6
Added Pin To Net: NetName=D4 Pin=P1-7
Added Pin To Net: NetName=D5 Pin=P1-8
Added Pin To Net: NetName=D6 Pin=P1-9
Added Pin To Net: NetName=D7 Pin=P1-10
Added Pin To Net: NetName=D8 Pin=P1-11
Added Pin To Net: NetName=D9 Pin=P1-12
Added Pin To Net: NetName=D10 Pin=P1-13
Added Pin To Net: NetName=D11/MOSI Pin=P1-14
Added Pin To Net: NetName=D12/MISO Pin=P1-15
Added Pin To Net: NetName=3V3 Pin=P2-1
Added Pin To Net: NetName=AREF Pin=P2-2
Added Pin To Net: NetName=A7 Pin=P2-3
Added Pin To Net: NetName=A6 Pin=P2-4
Added Pin To Net: NetName=A5 Pin=P2-6
Added Pin To Net: NetName=A4 Pin=P2-7
Added Pin To Net: NetName=A3 Pin=P2-8
Added Pin To Net: NetName=A2 Pin=P2-9
Added Pin To Net: NetName=A1 Pin=P2-10
Added Pin To Net: NetName=A0 Pin=P2-11
Added Pin To Net: NetName=VCC2 Pin=P2-12
Added Pin To Net: NetName=RESET Pin=P2-13
Added Pin To Net: NetName=GND Pin=P2-14
Added Pin To Net: NetName=VIN Pin=P2-15
Added Member To Class: ClassName=SCH_Arduino_Nano Member=Component P1 Header 15
Added Member To Class: ClassName=SCH_Arduino_Nano Member=Component P2 Header 15
