Removed Pin From Net: NetName=NetL2_2 Pin=R5-1
Removed Pin From Net: NetName=NetL3_2 Pin=R6-1
Change Component Footprint: Designator=R1 Old Footprint=tro smd 0805 New Footprint=tro smd 0603
Change Component Footprint: Designator=R3 Old Footprint=tro smd 0805 New Footprint=tro smd 0603
Change Component Footprint: Designator=R5 Old Footprint=Tro SMD 0805 New Footprint=tro smd 0603
Change Component Footprint: Designator=R6 Old Footprint=Tro SMD 0805 New Footprint=tro smd 0603
Change Component Footprint: Designator=R7 Old Footprint=tro smd 0805 New Footprint=tro smd 0603
Change component parameters: Designator = "R1" ("R1"); Footprint = "tro smd 0805"; UniqueID = "\WCVAWRGJ" ("\WCVAWRGJ")
Change component parameters (AddParameter): Name = "Chung_Loai"; Value = "Dán"; VariantName = "[No Variations]"
Change component parameters (AddParameter): Name = "Don_Vi"; Value = "Con"; VariantName = "[No Variations]"
Change component parameters (AddParameter): Name = "Kieu_Chan"; Value = ""; VariantName = "[No Variations]"
Change component parameters (AddParameter): Name = "Ma_Hang"; Value = "MH006319"; VariantName = "[No Variations]"
Change component parameters (AddParameter): Name = "So_Chan"; Value = "2"; VariantName = "[No Variations]"
Change component parameters (AddParameter): Name = "Ten_Linh_Kien"; Value = "Tr? 0603 5% 1k"; VariantName = "[No Variations]"
Change component parameters: Designator = "R3" ("R3"); Footprint = "tro smd 0805"; UniqueID = "\PMDNOVCH" ("\PMDNOVCH")
Change component parameters (AddParameter): Name = "Chung_Loai"; Value = "Dán"; VariantName = "[No Variations]"
Change component parameters (AddParameter): Name = "Don_Vi"; Value = "Con"; VariantName = "[No Variations]"
Change component parameters (AddParameter): Name = "Kieu_Chan"; Value = ""; VariantName = "[No Variations]"
Change component parameters (AddParameter): Name = "Ma_Hang"; Value = "MH006319"; VariantName = "[No Variations]"
Change component parameters (AddParameter): Name = "So_Chan"; Value = "2"; VariantName = "[No Variations]"
Change component parameters (AddParameter): Name = "Ten_Linh_Kien"; Value = "Tr? 0603 5% 1k"; VariantName = "[No Variations]"
Change component parameters: Designator = "R5" ("R5"); Footprint = "Tro SMD 0805"; UniqueID = "\TJQUMOKU" ("\TJQUMOKU")
Change component parameters (AddParameter): Name = "Chung_Loai"; Value = "Dán"; VariantName = "[No Variations]"
Change component parameters (AddParameter): Name = "Don_Vi"; Value = "Con"; VariantName = "[No Variations]"
Change component parameters (AddParameter): Name = "Kieu_Chan"; Value = ""; VariantName = "[No Variations]"
Change component parameters (AddParameter): Name = "Ma_Hang"; Value = "MH006336"; VariantName = "[No Variations]"
Change component parameters (AddParameter): Name = "So_Chan"; Value = "2"; VariantName = "[No Variations]"
Change component parameters (AddParameter): Name = "Ten_Linh_Kien"; Value = "Tr? 0603 1% 680R"; VariantName = "[No Variations]"
Change component parameters: Designator = "R6" ("R6"); Footprint = "Tro SMD 0805"; UniqueID = "\HEQZCOTR" ("\HEQZCOTR")
Change component parameters (AddParameter): Name = "Chung_Loai"; Value = "Dán"; VariantName = "[No Variations]"
Change component parameters (AddParameter): Name = "Don_Vi"; Value = "Con"; VariantName = "[No Variations]"
Change component parameters (AddParameter): Name = "Kieu_Chan"; Value = ""; VariantName = "[No Variations]"
Change component parameters (AddParameter): Name = "Ma_Hang"; Value = "MH006336"; VariantName = "[No Variations]"
Change component parameters (AddParameter): Name = "So_Chan"; Value = "2"; VariantName = "[No Variations]"
Change component parameters (AddParameter): Name = "Ten_Linh_Kien"; Value = "Tr? 0603 1% 680R"; VariantName = "[No Variations]"
Change component parameters: Designator = "R7" ("R7"); Footprint = "tro smd 0805"; UniqueID = "\RHJVDTPV" ("\RHJVDTPV")
Change component parameters (AddParameter): Name = "Chung_Loai"; Value = "Dán"; VariantName = "[No Variations]"
Change component parameters (AddParameter): Name = "Don_Vi"; Value = "Con"; VariantName = "[No Variations]"
Change component parameters (AddParameter): Name = "Kieu_Chan"; Value = ""; VariantName = "[No Variations]"
Change component parameters (AddParameter): Name = "Ma_Hang"; Value = "MH006336"; VariantName = "[No Variations]"
Change component parameters (AddParameter): Name = "So_Chan"; Value = "2"; VariantName = "[No Variations]"
Change component parameters (AddParameter): Name = "Ten_Linh_Kien"; Value = "Tr? 0603 1% 680R"; VariantName = "[No Variations]"
Added Pin To Net: NetName=NetL2_2 Pin=R5-2
Added Pin To Net: NetName=NetL3_2 Pin=R6-2
Added Pin To Net: NetName=NetR5_1 Pin=R5-1
Added Pin To Net: NetName=NetR5_1 Pin=U2-23
Added Net: Name=NetR5_1
Added Pin To Net: NetName=NetR6_1 Pin=R6-1
Added Pin To Net: NetName=NetR6_1 Pin=U2-22
Added Net: Name=NetR6_1
Added Member To Class: ClassName=SCH_Arduino_Nano Member=Component BT1 Nut Nhan 2 Chan SMD 3x6x2.5
Added Member To Class: ClassName=SCH_Arduino_Nano Member=Component C3 15pF
Added Member To Class: ClassName=SCH_Arduino_Nano Member=Component C5 4.7uF
Added Member To Class: ClassName=SCH_Arduino_Nano Member=Component C8 4.7uF
Added Member To Class: ClassName=SCH_Arduino_Nano Member=Component L2 LED 0805
Added Member To Class: ClassName=SCH_Arduino_Nano Member=Component L4 LED 0805
Added Member To Class: ClassName=SCH_Arduino_Nano Member=Component P1 Header 3X2
Added Member To Class: ClassName=SCH_Arduino_Nano Member=Component R4 1k
Added Member To Class: ClassName=SCH_Arduino_Nano Member=Component R6 680R
Added Member To Class: ClassName=SCH_Arduino_Nano Member=Component R7 680R
Added Room: Name=SCH_Arduino_Nano
