Removed Pin From Net: NetName=3V3 Pin=P2-1
Removed Pin From Net: NetName=AREF Pin=P2-2
Removed Pin From Net: NetName=A7 Pin=P2-3
Removed Pin From Net: NetName=A6 Pin=P2-4
Removed Pin From Net: NetName=A5 Pin=P2-6
Removed Pin From Net: NetName=A4 Pin=P2-7
Removed Pin From Net: NetName=A2 Pin=P2-9
Removed Pin From Net: NetName=A1 Pin=P2-10
Removed Pin From Net: NetName=A0 Pin=P2-11
Removed Pin From Net: NetName=VCC2 Pin=P2-12
Removed Pin From Net: NetName=RESET Pin=P2-13
Removed Pin From Net: NetName=GND Pin=P2-14
Removed Pin From Net: NetName=VIN Pin=P2-15
Added Pin To Net: NetName=VIN Pin=P2-1
Added Pin To Net: NetName=GND Pin=P2-2
Added Pin To Net: NetName=RESET Pin=P2-3
Added Pin To Net: NetName=VCC2 Pin=P2-4
Added Pin To Net: NetName=A0 Pin=P2-5
Added Pin To Net: NetName=A1 Pin=P2-6
Added Pin To Net: NetName=A2 Pin=P2-7
Added Pin To Net: NetName=A4 Pin=P2-9
Added Pin To Net: NetName=A5 Pin=P2-10
Added Pin To Net: NetName=A6 Pin=P2-11
Added Pin To Net: NetName=A7 Pin=P2-12
Added Pin To Net: NetName=AREF Pin=P2-13
Added Pin To Net: NetName=3V3 Pin=P2-14
Added Pin To Net: NetName=D13/SCK Pin=P2-15
Added Room: Name=SCH_Arduino_Nano
