Change Component Designator: Old Designator=BT1 New Designator=BT2
Change Component Designator: Old Designator=BT2 New Designator=BT1
Change Component Designator: Old Designator=C1 New Designator=C7
Change Component Designator: Old Designator=C2 New Designator=C8
Change Component Designator: Old Designator=C3 New Designator=C4
Change Component Designator: Old Designator=C4 New Designator=C5
Change Component Designator: Old Designator=C5 New Designator=C6
Change Component Designator: Old Designator=C6 New Designator=C2
Change Component Designator: Old Designator=C7 New Designator=C3
Change Component Designator: Old Designator=C8 New Designator=C1
Change Component Designator: Old Designator=L1 New Designator=L4
Change Component Designator: Old Designator=L2 New Designator=L1
Change Component Designator: Old Designator=L3 New Designator=L2
Change Component Designator: Old Designator=L4 New Designator=L3
Change Component Designator: Old Designator=P1 New Designator=P2
Change Component Designator: Old Designator=P2 New Designator=P3
Change Component Designator: Old Designator=P3 New Designator=P1
Change Component Designator: Old Designator=R2 New Designator=R3
Change Component Designator: Old Designator=R3 New Designator=R7
Change Component Designator: Old Designator=R4 New Designator=R2
Change Component Designator: Old Designator=R5 New Designator=R4
Change Component Designator: Old Designator=R6 New Designator=R5
Change Component Designator: Old Designator=R7 New Designator=R6
